<?xml version="1.0" encoding="UTF-8"?>
<!-- Generated by org.testng.reporters.JUnitReportReporter -->
<testsuite hostname="GFG19667-LAPTOP" failures="0" tests="1" name="driver.DriverScript" time="0.542" errors="0" timestamp="2025-05-30T17:28:30 IST" skipped="0">
  <testcase classname="driver.DriverScript" name="executeTests" time="0.542"/>
</testsuite> <!-- driver.DriverScript -->
