<?xml version="1.0" encoding="UTF-8"?>
<!-- Generated by org.testng.reporters.JUnitReportReporter -->
<testsuite hostname="GFG19667-LAPTOP" failures="0" tests="1" name="Interactions.InteractionsTest" time="8.406" errors="0" timestamp="2025-05-16T17:08:33 IST" skipped="0">
  <testcase classname="Interactions.InteractionsTest" name="testClickLink" time="8.406"/>
</testsuite> <!-- Interactions.InteractionsTest -->
