<?xml version="1.0" encoding="UTF-8"?>
<!-- Generated by org.testng.reporters.JUnitReportReporter -->
<testsuite hostname="GFG19667-LAPTOP" failures="0" tests="2" name="LocatorsTest.LocatorCssTest" time="0.106" errors="0" timestamp="2025-05-15T16:39:33 IST" skipped="0">
  <testcase classname="LocatorsTest.LocatorCssTest" name="testInformationText" time="0.063"/>
  <testcase classname="LocatorsTest.LocatorCssTest" name="testNameFieldText" time="0.043"/>
</testsuite> <!-- LocatorsTest.LocatorCssTest -->
