<?xml version="1.0" encoding="UTF-8"?>
<!-- Generated by org.testng.reporters.JUnitReportReporter -->
<testsuite hostname="GFG19667-LAPTOP" failures="0" tests="1" name="adAdvancedInteraction.ActionsTest" time="7.108" errors="0" timestamp="2025-05-16T17:43:57 IST" skipped="0">
  <testcase classname="adAdvancedInteraction.ActionsTest" name="testMouseClick" time="7.108"/>
</testsuite> <!-- adAdvancedInteraction.ActionsTest -->
