<?xml version="1.0" encoding="UTF-8"?>
<!-- Generated by org.testng.reporters.JUnitReportReporter -->
<testsuite hostname="GFG19667-LAPTOP" failures="0" tests="3" name="com.example.tests.LoginTest" time="0.031" errors="0" timestamp="2025-06-10T10:28:45 IST" skipped="0">
  <testcase classname="com.example.tests.LoginTest" name="testInvalidLogin" time="0.014"/>
  <testcase classname="com.example.tests.LoginTest" name="testValidLogin" time="0.003"/>
  <testcase classname="com.example.tests.LoginTest" name="testEmptyEmail" time="0.014"/>
</testsuite> <!-- com.example.tests.LoginTest -->
