<?xml version="1.0" encoding="UTF-8"?>
<!-- Generated by org.testng.reporters.JUnitReportReporter -->
<testsuite hostname="GFG19667-LAPTOP" failures="0" tests="1" name="BasicApiTest" time="2.760" errors="0" timestamp="2025-02-06T11:54:12 IST" skipped="0">
  <testcase classname="BasicApiTest" name="testGetRequest" time="2.760"/>
  <system-out/>
</testsuite> <!-- BasicApiTest -->
