<?xml version="1.0" encoding="UTF-8"?>
<!-- Generated by org.testng.reporters.JUnitReportReporter -->
<testsuite hostname="GFG19667-LAPTOP" failures="0" tests="1" name="APITest" time="6.779" errors="0" timestamp="2025-01-24T11:08:33 IST" skipped="0">
  <testcase classname="APITest" name="testGetUser" time="6.779"/>
  <system-out/>
</testsuite> <!-- APITest -->
