<?xml version="1.0" encoding="UTF-8"?>
<!-- Generated by org.testng.reporters.JUnitReportReporter -->
<testsuite hostname="GFG19667-LAPTOP" failures="0" tests="3" name="com.example.tests.SessionHandlingTest" time="41.062" errors="0" timestamp="2024-09-02T10:34:36 IST" skipped="0">
  <testcase classname="com.example.tests.SessionHandlingTest" name="testSessionHandlingTutorialsPoint" time="17.635"/>
  <system-out/>
  <testcase classname="com.example.tests.SessionHandlingTest" name="testSessionHandling" time="13.837"/>
  <system-out/>
  <testcase classname="com.example.tests.SessionHandlingTest" name="testSessionHandlingGoogle" time="9.590"/>
  <system-out/>
</testsuite> <!-- com.example.tests.SessionHandlingTest -->
