<?xml version="1.0" encoding="UTF-8"?>
<!-- Generated by org.testng.reporters.JUnitReportReporter -->
<testsuite hostname="GFG19667-LAPTOP" failures="0" tests="2" name="com.example.tests.LoginDataDrivenTest" time="8.522" errors="0" timestamp="2025-05-29T11:21:04 IST" skipped="0">
  <testcase classname="com.example.tests.LoginDataDrivenTest" name="testLogin" time="5.368"/>
  <system-out/>
  <testcase classname="com.example.tests.LoginDataDrivenTest" name="testLogin" time="3.154"/>
  <system-out/>
</testsuite> <!-- com.example.tests.LoginDataDrivenTest -->
