<?xml version="1.0" encoding="UTF-8"?>
<!-- Generated by org.testng.reporters.JUnitReportReporter -->
<testsuite hostname="GFG19667-LAPTOP" failures="0" tests="1" name="com.example.tests.LoginTest" time="3.586" errors="0" timestamp="2025-05-28T17:24:42 IST" skipped="0">
  <testcase classname="com.example.tests.LoginTest" name="testLogin" time="3.586"/>
  <system-out/>
</testsuite> <!-- com.example.tests.LoginTest -->
