<?xml version="1.0" encoding="UTF-8"?>
<!-- Generated by org.testng.reporters.JUnitReportReporter -->
<testsuite hostname="GFG19667-LAPTOP" failures="0" tests="3" name="com.example.tests.SessionHandlingTest" time="12.864" errors="0" timestamp="2025-05-28T17:22:19 IST" skipped="0">
  <testcase classname="com.example.tests.SessionHandlingTest" name="testSessionHandlingTutorialsPoint" time="3.323"/>
  <system-out/>
  <testcase classname="com.example.tests.SessionHandlingTest" name="testSessionHandling" time="6.838"/>
  <system-out/>
  <testcase classname="com.example.tests.SessionHandlingTest" name="testSessionHandlingGoogle" time="2.703"/>
  <system-out/>
</testsuite> <!-- com.example.tests.SessionHandlingTest -->
