<?xml version="1.0" encoding="UTF-8"?>
<!-- Generated by org.testng.reporters.JUnitReportReporter -->
<testsuite hostname="GFG19667-LAPTOP" failures="0" tests="1" name="com.example.tests.DropdownTest" time="7.058" errors="0" timestamp="2025-05-29T11:31:32 IST" skipped="0">
  <testcase classname="com.example.tests.DropdownTest" name="testDropdownSelection" time="7.058"/>
  <system-out/>
</testsuite> <!-- com.example.tests.DropdownTest -->
