<?xml version="1.0" encoding="UTF-8"?>
<!-- Generated by org.testng.reporters.JUnitReportReporter -->
<testsuite hostname="GFG19667-LAPTOP" failures="0" tests="1" name="com.example.tests.FileUploadTest" time="7.264" errors="0" timestamp="2025-05-29T11:09:46 IST" skipped="0">
  <testcase classname="com.example.tests.FileUploadTest" name="testFileUpload" time="7.264"/>
  <system-out/>
</testsuite> <!-- com.example.tests.FileUploadTest -->
