<?xml version="1.0" encoding="UTF-8"?>
<!-- Generated by org.testng.reporters.JUnitReportReporter -->
<testsuite hostname="GFG19667-LAPTOP" failures="0" tests="1" name="locators.LocatorsTest" time="1.331" errors="0" timestamp="2025-05-23T09:34:58 IST" skipped="0">
  <testcase classname="locators.LocatorsTest" name="testByHtmlAttributes" time="1.331"/>
</testsuite> <!-- locators.LocatorsTest -->
