<?xml version="1.0" encoding="UTF-8"?>
<!-- Generated by org.testng.reporters.JUnitReportReporter -->
<testsuite hostname="GFG19667-LAPTOP" failures="0" tests="2" name="ActionsTest.CrossBrowserTestSauceDemo1" time="20.364" errors="0" timestamp="2025-06-14T12:44:32 IST" skipped="0">
  <testcase classname="ActionsTest.CrossBrowserTestSauceDemo1" name="testLoginFunctionality" time="11.808"/>
  <testcase classname="ActionsTest.CrossBrowserTestSauceDemo1" name="testLoginFunctionality" time="8.556"/>
</testsuite> <!-- ActionsTest.CrossBrowserTestSauceDemo1 -->
