<?xml version="1.0" encoding="UTF-8"?>
<!-- Generated by org.testng.reporters.JUnitReportReporter -->
<testsuite hostname="GFG19667-LAPTOP" failures="0" tests="2" name="ActionsTest.CrossBrowserTest" time="17.949" errors="0" timestamp="2025-06-14T12:52:38 IST" skipped="0">
  <testcase classname="ActionsTest.CrossBrowserTest" name="testLoginFunctionality" time="10.461"/>
  <testcase classname="ActionsTest.CrossBrowserTest" name="testLoginFunctionality" time="7.488"/>
</testsuite> <!-- ActionsTest.CrossBrowserTest -->
