<?xml version="1.0" encoding="UTF-8"?>
<!-- Generated by org.testng.reporters.JUnitReportReporter -->
<testsuite hostname="GFG19667-LAPTOP" failures="0" tests="2" name="ActionsTest.CrossBrowserTestSauceDemo" time="12.036" errors="0" timestamp="2025-06-14T11:55:28 IST" skipped="0">
  <testcase classname="ActionsTest.CrossBrowserTestSauceDemo" name="testTitle" time="4.581"/>
  <testcase classname="ActionsTest.CrossBrowserTestSauceDemo" name="testTitle" time="7.455"/>
</testsuite> <!-- ActionsTest.CrossBrowserTestSauceDemo -->
