<?xml version="1.0" encoding="UTF-8"?>
<!-- Generated by org.testng.reporters.JUnitReportReporter -->
<testsuite hostname="GFG19667-LAPTOP" failures="0" tests="1" name="com.example.tests.GoogleSearchTest" time="3.291" errors="0" timestamp="2025-05-21T13:10:38 IST" skipped="0">
  <testcase classname="com.example.tests.GoogleSearchTest" name="searchTest" time="3.291"/>
  <system-out/>
</testsuite> <!-- com.example.tests.GoogleSearchTest -->
