<?xml version="1.0" encoding="UTF-8"?>
<!-- Generated by org.testng.reporters.JUnitReportReporter -->
<testsuite hostname="GFG19667-LAPTOP" failures="0" tests="2" name="com.example.tests.LoginTest" time="1.120" errors="0" timestamp="2025-06-23T11:40:30 IST" skipped="0">
  <testcase classname="com.example.tests.LoginTest" name="loginWithInvalidCredentials" time="0.701"/>
  <system-out/>
  <testcase classname="com.example.tests.LoginTest" name="loginWithValidCredentials" time="0.419"/>
  <system-out/>
</testsuite> <!-- com.example.tests.LoginTest -->
