<?xml version="1.0" encoding="UTF-8"?>
<!-- Generated by org.testng.reporters.JUnitReportReporter -->
<testsuite hostname="GFG19667-LAPTOP" failures="0" tests="1" name="com.example.tests.GoogleSearchTest" time="3.391" errors="0" timestamp="2024-08-30T11:13:24 IST" skipped="0">
  <testcase classname="com.example.tests.GoogleSearchTest" name="searchTest" time="3.391"/>
  <system-out/>
</testsuite> <!-- com.example.tests.GoogleSearchTest -->
