<?xml version="1.0" encoding="UTF-8"?>
<!-- Generated by org.testng.reporters.JUnitReportReporter -->
<testsuite hostname="GFG19667-LAPTOP" failures="0" tests="1" name="test.RelativeLocatorTest" time="0.299" errors="0" timestamp="2025-06-24T10:32:22 IST" skipped="0">
  <testcase classname="test.RelativeLocatorTest" name="testBelow" time="0.299"/>
  <system-out/>
</testsuite> <!-- test.RelativeLocatorTest -->
