<?xml version="1.0" encoding="UTF-8"?>
<!-- Generated by org.testng.reporters.JUnitReportReporter -->
<testsuite hostname="GFG19667-LAPTOP" failures="0" tests="2" name="sauceDemoRegression.LoginTest" time="1.203" errors="0" timestamp="2025-06-23T11:49:38 IST" skipped="0">
  <testcase classname="sauceDemoRegression.LoginTest" name="loginWithValidCredentials" time="0.382"/>
  <system-out/>
  <testcase classname="sauceDemoRegression.LoginTest" name="loginWithInvalidCredentials" time="0.821"/>
  <system-out/>
</testsuite> <!-- sauceDemoRegression.LoginTest -->
