<?xml version="1.0" encoding="UTF-8"?>
<!-- Generated by org.testng.reporters.JUnitReportReporter -->
<testsuite hostname="GFG19667-LAPTOP" failures="0" tests="1" name="com.example.LoginTest" time="3.000" errors="0" timestamp="2025-06-11T11:02:06 IST" skipped="0">
  <testcase classname="com.example.LoginTest" name="testLogin" time="3.000"/>
</testsuite> <!-- com.example.LoginTest -->
