<?xml version="1.0" encoding="UTF-8"?>
<!-- Generated by org.testng.reporters.JUnitReportReporter -->
<testsuite hostname="GFG19667-LAPTOP" failures="0" tests="1" name="com.example.automation.SampleTest" time="7.558" errors="0" timestamp="2025-01-10T10:33:56 IST" skipped="0">
  <testcase classname="com.example.automation.SampleTest" name="openGoogle" time="7.558"/>
</testsuite> <!-- com.example.automation.SampleTest -->
