<?xml version="1.0" encoding="UTF-8"?>
<!-- Generated by org.testng.reporters.JUnitReportReporter -->
<testsuite hostname="GFG19667-LAPTOP" failures="0" tests="1" name="com.example.automation.SampleTest" time="10.737" errors="0" timestamp="2025-04-02T15:54:23 IST" skipped="0">
  <testcase classname="com.example.automation.SampleTest" name="openGoogle" time="10.737"/>
</testsuite> <!-- com.example.automation.SampleTest -->
